<?xml version="1.0" encoding="UTF-8"?>
<!-- Generated by org.testng.reporters.JUnitXMLReporter -->
<testsuite hostname="DESKTOP-D36JS0L" ignored="0" name="Package Test Execution" tests="7" failures="0" timestamp="27 Jul 2018 16:15:17 GMT" time="0.062" errors="0">
  <testcase name="tc4" time="0.015" classname="testNGDemo.TestingClass"/>
  <testcase name="tc5" time="0.0" classname="testNGDemo.TestingClass"/>
  <testcase name="tc6" time="0.0" classname="testNGDemo.TestingClass"/>
  <testcase name="tc7" time="0.0" classname="testNGDemo.TestingClass"/>
  <testcase name="tc1" time="0.0" classname="testNGDemo.TestingClass2"/>
  <testcase name="tc2" time="0.0" classname="testNGDemo.TestingClass2"/>
  <testcase name="tc3" time="0.0" classname="testNGDemo.TestingClass2"/>
</testsuite> <!-- Package Test Execution -->
