<?xml version="1.0" encoding="UTF-8"?>
<!-- Generated by org.testng.reporters.JUnitXMLReporter -->
<testsuite hostname="DESKTOP-D36JS0L" ignored="0" name="Surefire test" tests="3" failures="0" timestamp="28 Aug 2018 18:30:17 GMT" time="62.541" errors="0">
  <testcase name="testBranchAddress" time="26.701" classname="com.mercuryTravels.testBranchAddress"/>
  <testcase name="testBranchAddress" time="16.655" classname="com.mercuryTravels.testBranchAddress"/>
  <testcase name="testBranchAddress" time="17.237" classname="com.mercuryTravels.testBranchAddress"/>
</testsuite> <!-- Surefire test -->
