<?xml version="1.0" encoding="UTF-8"?>
<!-- Generated by org.testng.reporters.JUnitXMLReporter -->
<testsuite hostname="DESKTOP-D36JS0L" ignored="0" name="Surefire test" tests="3" failures="0" timestamp="28 Aug 2018 07:50:56 GMT" time="108.405" errors="0">
  <testcase name="testBranchAddress" time="24.145" classname="com.mercuryTravels.testBranchAddress"/>
  <testcase name="testBranchAddress" time="52.067" classname="com.mercuryTravels.testBranchAddress"/>
  <testcase name="testBranchAddress" time="27.288" classname="com.mercuryTravels.testBranchAddress"/>
</testsuite> <!-- Surefire test -->
