<?xml version="1.0" encoding="UTF-8"?>
<!-- Generated by org.testng.reporters.JUnitXMLReporter -->
<testsuite hostname="DESKTOP-D36JS0L" ignored="0" name="Search Holiday Packages" tests="3" failures="0" timestamp="19 Aug 2018 05:34:04 GMT" time="57.506" errors="0">
  <testcase name="testBranchAddress" time="21.617" classname="com.mercuryTravels.testBranchAddress"/>
  <testcase name="testBranchAddress" time="14.879" classname="com.mercuryTravels.testBranchAddress"/>
  <testcase name="testBranchAddress" time="19.823" classname="com.mercuryTravels.testBranchAddress"/>
</testsuite> <!-- Search Holiday Packages -->
