<?xml version="1.0" encoding="UTF-8"?>
<!-- Generated by org.testng.reporters.JUnitXMLReporter -->
<testsuite hostname="DESKTOP-3DMG0O6" ignored="0" name="Test Extent reports" tests="5" failures="0" timestamp="02 Oct 2018 18:46:37 GMT" time="169.164" errors="0">
  <testcase name="testBranchAddress" time="30.336" classname="com.mercuryTravels.testBranchAddress"/>
  <testcase name="testBranchAddress" time="27.538" classname="com.mercuryTravels.testBranchAddress"/>
  <testcase name="testBranchAddress" time="27.493" classname="com.mercuryTravels.testBranchAddress"/>
  <testcase name="verifyDefaultSelectedTrip" time="34.993" classname="com.mercuryTravels.testDateOfReturnFiledVisibility"/>
  <testcase name="verifyDateOfReturnFiledVisibility" time="35.754" classname="com.mercuryTravels.testDateOfReturnFiledVisibility"/>
</testsuite> <!-- Test Extent reports -->
