<?xml version="1.0" encoding="UTF-8"?>
<!-- Generated by org.testng.reporters.JUnitXMLReporter -->
<testsuite hostname="DESKTOP-D36JS0L" ignored="0" name="Test Extent reports" tests="5" failures="0" timestamp="21 Sep 2018 09:28:45 GMT" time="87.511" errors="0">
  <testcase name="testBranchAddress" time="16.371" classname="com.mercuryTravels.testBranchAddress"/>
  <testcase name="testBranchAddress" time="14.066" classname="com.mercuryTravels.testBranchAddress"/>
  <testcase name="testBranchAddress" time="14.8" classname="com.mercuryTravels.testBranchAddress"/>
  <testcase name="verifyDefaultSelectedTrip" time="15.497" classname="com.mercuryTravels.testDateOfReturnFiledVisibility"/>
  <testcase name="verifyDateOfReturnFiledVisibility" time="17.227" classname="com.mercuryTravels.testDateOfReturnFiledVisibility"/>
</testsuite> <!-- Test Extent reports -->
