<?xml version="1.0" encoding="UTF-8"?>
<testng-results skipped="0" failed="0" ignored="0" total="3" passed="3">
  <reporter-output>
  </reporter-output>
  <suite name="Default Suite" duration-ms="50674" started-at="2018-08-19T05:28:08Z" finished-at="2018-08-19T05:28:59Z">
    <groups>
    </groups>
    <test name="ModulerFramework" duration-ms="50674" started-at="2018-08-19T05:28:08Z" finished-at="2018-08-19T05:28:59Z">
      <class name="com.mercuryTravels.testBranchAddress">
        <test-method status="PASS" signature="testBranchAddress(java.lang.String, java.lang.String)[pri:0, instance:com.mercuryTravels.testBranchAddress@506e6d5e]" name="testBranchAddress" duration-ms="17967" started-at="2018-08-19T05:28:10Z" data-provider="addressData" finished-at="2018-08-19T05:28:28Z">
          <params>
            <param index="0">
              <value>
                <![CDATA[Agra]]>
              </value>
            </param>
            <param index="1">
              <value>
                <![CDATA[Mercury Travels Ltd.
C/o Hotel Clarks Shiraz, 54, Taj Road, Agra 282 001.]]>
              </value>
            </param>
          </params>
          <reporter-output>
          </reporter-output>
        </test-method> <!-- testBranchAddress -->
        <test-method status="PASS" signature="tearDown(org.testng.ITestResult)[pri:0, instance:com.mercuryTravels.testBranchAddress@506e6d5e]" name="tearDown" is-config="true" duration-ms="2" started-at="2018-08-19T05:28:28Z" finished-at="2018-08-19T05:28:28Z">
          <params>
            <param index="0">
              <value>
                <![CDATA[[TestResult name=testBranchAddress status=SUCCESS method=testBranchAddress.testBranchAddress(java.lang.String, java.lang.String)[pri:0, instance:com.mercuryTravels.testBranchAddress@506e6d5e] output={null}]]]>
              </value>
            </param>
          </params>
          <reporter-output>
          </reporter-output>
        </test-method> <!-- tearDown -->
        <test-method status="PASS" signature="testBranchAddress(java.lang.String, java.lang.String)[pri:0, instance:com.mercuryTravels.testBranchAddress@506e6d5e]" name="testBranchAddress" duration-ms="16476" started-at="2018-08-19T05:28:28Z" data-provider="addressData" finished-at="2018-08-19T05:28:44Z">
          <params>
            <param index="0">
              <value>
                <![CDATA[Ahmedabad]]>
              </value>
            </param>
            <param index="1">
              <value>
                <![CDATA[Mercury Travels Ltd.
103 B Abhijeet 1, 1st Floor, Mithakali Six Roads, Ahmedabad 380 006.]]>
              </value>
            </param>
          </params>
          <reporter-output>
          </reporter-output>
        </test-method> <!-- testBranchAddress -->
        <test-method status="PASS" signature="testBranchAddress(java.lang.String, java.lang.String)[pri:0, instance:com.mercuryTravels.testBranchAddress@506e6d5e]" name="testBranchAddress" duration-ms="14855" started-at="2018-08-19T05:28:44Z" data-provider="addressData" finished-at="2018-08-19T05:28:59Z">
          <params>
            <param index="0">
              <value>
                <![CDATA[Bangalore]]>
              </value>
            </param>
            <param index="1">
              <value>
                <![CDATA[Mercury Travels Ltd.
125, Infantry Road, Bangalore 560 001.]]>
              </value>
            </param>
          </params>
          <reporter-output>
          </reporter-output>
        </test-method> <!-- testBranchAddress -->
        <test-method status="PASS" signature="tearDown(org.testng.ITestResult)[pri:0, instance:com.mercuryTravels.testBranchAddress@506e6d5e]" name="tearDown" is-config="true" duration-ms="0" started-at="2018-08-19T05:28:44Z" finished-at="2018-08-19T05:28:44Z">
          <params>
            <param index="0">
              <value>
                <![CDATA[[TestResult name=testBranchAddress status=SUCCESS method=testBranchAddress.testBranchAddress(java.lang.String, java.lang.String)[pri:0, instance:com.mercuryTravels.testBranchAddress@506e6d5e] output={null}]]]>
              </value>
            </param>
          </params>
          <reporter-output>
          </reporter-output>
        </test-method> <!-- tearDown -->
        <test-method status="PASS" signature="tearDown(org.testng.ITestResult)[pri:0, instance:com.mercuryTravels.testBranchAddress@506e6d5e]" name="tearDown" is-config="true" duration-ms="1" started-at="2018-08-19T05:28:59Z" finished-at="2018-08-19T05:28:59Z">
          <params>
            <param index="0">
              <value>
                <![CDATA[[TestResult name=testBranchAddress status=SUCCESS method=testBranchAddress.testBranchAddress(java.lang.String, java.lang.String)[pri:0, instance:com.mercuryTravels.testBranchAddress@506e6d5e] output={null}]]]>
              </value>
            </param>
          </params>
          <reporter-output>
          </reporter-output>
        </test-method> <!-- tearDown -->
      </class> <!-- com.mercuryTravels.testBranchAddress -->
    </test> <!-- ModulerFramework -->
  </suite> <!-- Default Suite -->
</testng-results>
