<?xml version="1.0" encoding="UTF-8"?>
<testng-results skipped="0" failed="0" ignored="0" total="1" passed="1">
  <reporter-output>
  </reporter-output>
  <suite name="Default Suite" duration-ms="17799" started-at="2018-08-16T14:22:49Z" finished-at="2018-08-16T14:23:07Z">
    <groups>
    </groups>
    <test name="ModulerFramework" duration-ms="17799" started-at="2018-08-16T14:22:49Z" finished-at="2018-08-16T14:23:07Z">
      <class name="com.mercuryTravels.testSearchHotel">
        <test-method status="PASS" signature="testSearchHotel()[pri:0, instance:com.mercuryTravels.testSearchHotel@27f674d]" name="testSearchHotel" duration-ms="17751" started-at="2018-08-16T14:22:49Z" finished-at="2018-08-16T14:23:07Z">
          <reporter-output>
          </reporter-output>
        </test-method> <!-- testSearchHotel -->
      </class> <!-- com.mercuryTravels.testSearchHotel -->
    </test> <!-- ModulerFramework -->
  </suite> <!-- Default Suite -->
</testng-results>
