<?xml version="1.0" encoding="UTF-8"?>
<testng-results skipped="0" failed="0" ignored="0" total="1" passed="1">
  <reporter-output>
  </reporter-output>
  <suite name="Default Suite" duration-ms="69782" started-at="2018-08-28T05:17:28Z" finished-at="2018-08-28T05:18:38Z">
    <groups>
      <group name="cucumber">
        <method signature="AbstractTestNGCucumberTests.feature(cucumber.api.testng.CucumberFeatureWrapper)[pri:0, instance:com.mercuryTravels.Runner.TestRunner@2c6a3f77]" name="feature" class="cucumber.api.testng.AbstractTestNGCucumberTests"/>
      </group> <!-- cucumber -->
    </groups>
    <test name="ModulerFramework" duration-ms="69782" started-at="2018-08-28T05:17:28Z" finished-at="2018-08-28T05:18:38Z">
      <class name="com.mercuryTravels.Runner.TestRunner">
        <test-method status="PASS" signature="setUpClass()[pri:0, instance:com.mercuryTravels.Runner.TestRunner@2c6a3f77]" name="setUpClass" is-config="true" duration-ms="731" started-at="2018-08-28T05:17:28Z" finished-at="2018-08-28T05:17:29Z">
          <reporter-output>
          </reporter-output>
        </test-method> <!-- setUpClass -->
        <test-method status="PASS" signature="feature(cucumber.api.testng.CucumberFeatureWrapper)[pri:0, instance:com.mercuryTravels.Runner.TestRunner@2c6a3f77]" name="feature" duration-ms="68479" started-at="2018-08-28T05:17:29Z" description="Runs Cucumber Feature" data-provider="features" finished-at="2018-08-28T05:18:37Z">
          <params>
            <param index="0">
              <value>
                <![CDATA[test branch address]]>
              </value>
            </param>
          </params>
          <reporter-output>
          </reporter-output>
        </test-method> <!-- feature -->
        <test-method status="PASS" signature="tearDownClass()[pri:0, instance:com.mercuryTravels.Runner.TestRunner@2c6a3f77]" name="tearDownClass" is-config="true" duration-ms="271" started-at="2018-08-28T05:18:37Z" finished-at="2018-08-28T05:18:38Z">
          <reporter-output>
          </reporter-output>
        </test-method> <!-- tearDownClass -->
      </class> <!-- com.mercuryTravels.Runner.TestRunner -->
    </test> <!-- ModulerFramework -->
  </suite> <!-- Default Suite -->
</testng-results>
