<?xml version="1.0" encoding="UTF-8"?>
<testng-results skipped="0" failed="0" ignored="0" total="3" passed="3">
  <reporter-output>
  </reporter-output>
  <suite name="Default Suite" duration-ms="46032" started-at="2018-08-15T17:01:05Z" finished-at="2018-08-15T17:01:51Z">
    <groups>
    </groups>
    <test name="ModulerFramework" duration-ms="46032" started-at="2018-08-15T17:01:05Z" finished-at="2018-08-15T17:01:51Z">
      <class name="com.mercuryTravels.testBranchAddress">
        <test-method status="PASS" signature="testBranchAddress(java.lang.String, java.lang.String)[pri:0, instance:com.mercuryTravels.testBranchAddress@48140564]" name="testBranchAddress" duration-ms="17553" started-at="2018-08-15T17:01:06Z" data-provider="addressData" finished-at="2018-08-15T17:01:24Z">
          <params>
            <param index="0">
              <value>
                <![CDATA[Agra]]>
              </value>
            </param>
            <param index="1">
              <value>
                <![CDATA[Mercury Travels Ltd.
C/o Hotel Clarks Shiraz, 54, Taj Road, Agra 282 001.]]>
              </value>
            </param>
          </params>
          <reporter-output>
          </reporter-output>
        </test-method> <!-- testBranchAddress -->
        <test-method status="PASS" signature="testBranchAddress(java.lang.String, java.lang.String)[pri:0, instance:com.mercuryTravels.testBranchAddress@48140564]" name="testBranchAddress" duration-ms="14192" started-at="2018-08-15T17:01:24Z" data-provider="addressData" finished-at="2018-08-15T17:01:38Z">
          <params>
            <param index="0">
              <value>
                <![CDATA[Ahmedabad]]>
              </value>
            </param>
            <param index="1">
              <value>
                <![CDATA[Mercury Travels Ltd.
103 B Abhijeet 1, 1st Floor, Mithakali Six Roads, Ahmedabad 380 006.]]>
              </value>
            </param>
          </params>
          <reporter-output>
          </reporter-output>
        </test-method> <!-- testBranchAddress -->
        <test-method status="PASS" signature="testBranchAddress(java.lang.String, java.lang.String)[pri:0, instance:com.mercuryTravels.testBranchAddress@48140564]" name="testBranchAddress" duration-ms="12803" started-at="2018-08-15T17:01:38Z" data-provider="addressData" finished-at="2018-08-15T17:01:51Z">
          <params>
            <param index="0">
              <value>
                <![CDATA[Bangalore]]>
              </value>
            </param>
            <param index="1">
              <value>
                <![CDATA[Mercury Travels Ltd.
125, Infantry Road, Bangalore 560 001.]]>
              </value>
            </param>
          </params>
          <reporter-output>
          </reporter-output>
        </test-method> <!-- testBranchAddress -->
      </class> <!-- com.mercuryTravels.testBranchAddress -->
    </test> <!-- ModulerFramework -->
  </suite> <!-- Default Suite -->
</testng-results>
