<?xml version="1.0" encoding="UTF-8"?>
<testng-results skipped="0" failed="1" ignored="0" total="1" passed="0">
  <reporter-output>
  </reporter-output>
  <suite name="Default Suite" duration-ms="189884" started-at="2018-10-06T15:44:13Z" finished-at="2018-10-06T15:47:23Z">
    <groups>
      <group name="cucumber">
        <method signature="loginRunner.feature(cucumber.api.testng.CucumberFeatureWrapper)[pri:0, instance:com.FreeCRM.Runner.loginRunner@6aaa5eb0]" name="feature" class="com.FreeCRM.Runner.loginRunner"/>
      </group> <!-- cucumber -->
    </groups>
    <test name="ModulerFramework" duration-ms="189884" started-at="2018-10-06T15:44:13Z" finished-at="2018-10-06T15:47:23Z">
      <class name="com.FreeCRM.Runner.loginRunner">
        <test-method status="PASS" signature="setUpClass()[pri:0, instance:com.FreeCRM.Runner.loginRunner@6aaa5eb0]" name="setUpClass" is-config="true" duration-ms="1571" started-at="2018-10-06T15:44:13Z" finished-at="2018-10-06T15:44:15Z">
          <reporter-output>
          </reporter-output>
        </test-method> <!-- setUpClass -->
        <test-method status="FAIL" signature="feature(cucumber.api.testng.CucumberFeatureWrapper)[pri:0, instance:com.FreeCRM.Runner.loginRunner@6aaa5eb0]" name="feature" duration-ms="186515" started-at="2018-10-06T15:44:15Z" description="Runs Cucumber Feature" data-provider="features" finished-at="2018-10-06T15:47:22Z">
          <params>
            <param index="0">
              <value>
                <![CDATA[login]]>
              </value>
            </param>
          </params>
          <exception class="cucumber.runtime.CucumberException">
            <message>
              <![CDATA[java.lang.NullPointerException]]>
            </message>
            <full-stacktrace>
              <![CDATA[cucumber.runtime.CucumberException: java.lang.NullPointerException
at cucumber.api.testng.TestNGCucumberRunner.runCucumber(TestNGCucumberRunner.java:69)
at com.FreeCRM.Runner.loginRunner.feature(loginRunner.java:28)
at sun.reflect.NativeMethodAccessorImpl.invoke0(Native Method)
at sun.reflect.NativeMethodAccessorImpl.invoke(NativeMethodAccessorImpl.java:62)
at sun.reflect.DelegatingMethodAccessorImpl.invoke(DelegatingMethodAccessorImpl.java:43)
at java.lang.reflect.Method.invoke(Method.java:498)
at org.testng.internal.MethodInvocationHelper.invokeMethod(MethodInvocationHelper.java:124)
at org.testng.internal.Invoker.invokeMethod(Invoker.java:583)
at org.testng.internal.Invoker.invokeTestMethod(Invoker.java:719)
at org.testng.internal.Invoker.invokeTestMethods(Invoker.java:989)
at org.testng.internal.TestMethodWorker.invokeTestMethods(TestMethodWorker.java:125)
at org.testng.internal.TestMethodWorker.run(TestMethodWorker.java:109)
at org.testng.TestRunner.privateRun(TestRunner.java:648)
at org.testng.TestRunner.run(TestRunner.java:505)
at org.testng.SuiteRunner.runTest(SuiteRunner.java:455)
at org.testng.SuiteRunner.runSequentially(SuiteRunner.java:450)
at org.testng.SuiteRunner.privateRun(SuiteRunner.java:415)
at org.testng.SuiteRunner.run(SuiteRunner.java:364)
at org.testng.SuiteRunnerWorker.runSuite(SuiteRunnerWorker.java:52)
at org.testng.SuiteRunnerWorker.run(SuiteRunnerWorker.java:84)
at org.testng.TestNG.runSuitesSequentially(TestNG.java:1208)
at org.testng.TestNG.runSuitesLocally(TestNG.java:1137)
at org.testng.TestNG.runSuites(TestNG.java:1049)
at org.testng.TestNG.run(TestNG.java:1017)
at org.testng.IDEARemoteTestNG.run(IDEARemoteTestNG.java:72)
at org.testng.RemoteTestNGStarter.main(RemoteTestNGStarter.java:123)
Caused by: java.lang.NullPointerException
at sun.reflect.NativeMethodAccessorImpl.invoke0(Native Method)
at sun.reflect.NativeMethodAccessorImpl.invoke(NativeMethodAccessorImpl.java:62)
at sun.reflect.DelegatingMethodAccessorImpl.invoke(DelegatingMethodAccessorImpl.java:43)
at java.lang.reflect.Method.invoke(Method.java:498)
at org.openqa.selenium.support.pagefactory.internal.LocatingElementHandler.invoke(LocatingElementHandler.java:51)
at com.sun.proxy.$Proxy17.click(Unknown Source)
at commonLibs.implementation.commonElements.click(commonElements.java:61)
at com.FreeCRM.FCDashboard.clickHometab(FCDashboard.java:44)
at com.FreeCRM.Steps.loginFeatureSteps.userClickOnLogin(loginFeatureSteps.java:59)
at ✽.Then user click on login(login.feature:10)
]]>
            </full-stacktrace>
          </exception> <!-- cucumber.runtime.CucumberException -->
          <reporter-output>
          </reporter-output>
        </test-method> <!-- feature -->
        <test-method status="PASS" signature="tearDownClass()[pri:0, instance:com.FreeCRM.Runner.loginRunner@6aaa5eb0]" name="tearDownClass" is-config="true" duration-ms="1154" started-at="2018-10-06T15:47:22Z" finished-at="2018-10-06T15:47:23Z">
          <reporter-output>
          </reporter-output>
        </test-method> <!-- tearDownClass -->
      </class> <!-- com.FreeCRM.Runner.loginRunner -->
    </test> <!-- ModulerFramework -->
  </suite> <!-- Default Suite -->
</testng-results>
