<?xml version="1.0" encoding="UTF-8"?>
<testng-results skipped="0" failed="1" ignored="0" total="1" passed="0">
  <reporter-output>
  </reporter-output>
  <suite name="Default Suite" duration-ms="46480" started-at="2018-08-20T17:31:48Z" finished-at="2018-08-20T17:32:34Z">
    <groups>
      <group name="cucumber">
        <method signature="AbstractTestNGCucumberTests.feature(cucumber.api.testng.CucumberFeatureWrapper)[pri:0, instance:com.mercuryTravels.Runner.TestRunner@17550481]" name="feature" class="cucumber.api.testng.AbstractTestNGCucumberTests"/>
      </group> <!-- cucumber -->
    </groups>
    <test name="ModulerFramework" duration-ms="46480" started-at="2018-08-20T17:31:48Z" finished-at="2018-08-20T17:32:34Z">
      <class name="com.mercuryTravels.Runner.TestRunner">
        <test-method status="PASS" signature="setUpClass()[pri:0, instance:com.mercuryTravels.Runner.TestRunner@17550481]" name="setUpClass" is-config="true" duration-ms="679" started-at="2018-08-20T17:31:48Z" finished-at="2018-08-20T17:31:48Z">
          <reporter-output>
          </reporter-output>
        </test-method> <!-- setUpClass -->
        <test-method status="FAIL" signature="feature(cucumber.api.testng.CucumberFeatureWrapper)[pri:0, instance:com.mercuryTravels.Runner.TestRunner@17550481]" name="feature" duration-ms="45500" started-at="2018-08-20T17:31:49Z" description="Runs Cucumber Feature" data-provider="features" finished-at="2018-08-20T17:32:34Z">
          <params>
            <param index="0">
              <value>
                <![CDATA[test branch address]]>
              </value>
            </param>
          </params>
          <exception class="cucumber.runtime.CucumberException">
            <message>
              <![CDATA[java.lang.AssertionError: expected [Mercury Travels Ltd.
125, Infantry Road, Bangalore 560 001xxx.] but found [Mercury Travels Ltd.
125, Infantry Road, Bangalore 560 001.]]]>
            </message>
            <full-stacktrace>
              <![CDATA[cucumber.runtime.CucumberException: java.lang.AssertionError: expected [Mercury Travels Ltd.
125, Infantry Road, Bangalore 560 001xxx.] but found [Mercury Travels Ltd.
125, Infantry Road, Bangalore 560 001.]
at cucumber.api.testng.TestNGCucumberRunner.runCucumber(TestNGCucumberRunner.java:69)
at cucumber.api.testng.AbstractTestNGCucumberTests.feature(AbstractTestNGCucumberTests.java:21)
at sun.reflect.NativeMethodAccessorImpl.invoke0(Native Method)
at sun.reflect.NativeMethodAccessorImpl.invoke(NativeMethodAccessorImpl.java:62)
at sun.reflect.DelegatingMethodAccessorImpl.invoke(DelegatingMethodAccessorImpl.java:43)
at java.lang.reflect.Method.invoke(Method.java:498)
at org.testng.internal.MethodInvocationHelper.invokeMethod(MethodInvocationHelper.java:124)
at org.testng.internal.Invoker.invokeMethod(Invoker.java:583)
at org.testng.internal.Invoker.invokeTestMethod(Invoker.java:719)
at org.testng.internal.Invoker.invokeTestMethods(Invoker.java:989)
at org.testng.internal.TestMethodWorker.invokeTestMethods(TestMethodWorker.java:125)
at org.testng.internal.TestMethodWorker.run(TestMethodWorker.java:109)
at org.testng.TestRunner.privateRun(TestRunner.java:648)
at org.testng.TestRunner.run(TestRunner.java:505)
at org.testng.SuiteRunner.runTest(SuiteRunner.java:455)
at org.testng.SuiteRunner.runSequentially(SuiteRunner.java:450)
at org.testng.SuiteRunner.privateRun(SuiteRunner.java:415)
at org.testng.SuiteRunner.run(SuiteRunner.java:364)
at org.testng.SuiteRunnerWorker.runSuite(SuiteRunnerWorker.java:52)
at org.testng.SuiteRunnerWorker.run(SuiteRunnerWorker.java:84)
at org.testng.TestNG.runSuitesSequentially(TestNG.java:1208)
at org.testng.TestNG.runSuitesLocally(TestNG.java:1137)
at org.testng.TestNG.runSuites(TestNG.java:1049)
at org.testng.TestNG.run(TestNG.java:1017)
at org.testng.IDEARemoteTestNG.run(IDEARemoteTestNG.java:72)
at org.testng.RemoteTestNGStarter.main(RemoteTestNGStarter.java:123)
Caused by: java.lang.AssertionError: expected [Mercury Travels Ltd.
125, Infantry Road, Bangalore 560 001xxx.] but found [Mercury Travels Ltd.
125, Infantry Road, Bangalore 560 001.]
at org.testng.Assert.fail(Assert.java:96)
at org.testng.Assert.failNotEquals(Assert.java:776)
at org.testng.Assert.assertEqualsImpl(Assert.java:137)
at org.testng.Assert.assertEquals(Assert.java:118)
at org.testng.Assert.assertEquals(Assert.java:453)
at org.testng.Assert.assertEquals(Assert.java:463)
at com.mercuryTravels.Steps.stepsTestBranchAddress.verifyTheAddressWithBranch(stepsTestBranchAddress.java:50)
at ✽.Then Verify the address with branch(testBranchAddress.feature:8)
]]>
            </full-stacktrace>
          </exception> <!-- cucumber.runtime.CucumberException -->
          <reporter-output>
          </reporter-output>
        </test-method> <!-- feature -->
        <test-method status="PASS" signature="tearDownClass()[pri:0, instance:com.mercuryTravels.Runner.TestRunner@17550481]" name="tearDownClass" is-config="true" duration-ms="5" started-at="2018-08-20T17:32:34Z" finished-at="2018-08-20T17:32:34Z">
          <reporter-output>
          </reporter-output>
        </test-method> <!-- tearDownClass -->
      </class> <!-- com.mercuryTravels.Runner.TestRunner -->
    </test> <!-- ModulerFramework -->
  </suite> <!-- Default Suite -->
</testng-results>
