<?xml version="1.0" encoding="UTF-8"?>
<testng-results skipped="0" failed="0" ignored="0" total="1" passed="1">
  <reporter-output>
  </reporter-output>
  <suite name="Default Suite" duration-ms="1556" started-at="2018-09-30T15:36:03Z" finished-at="2018-09-30T15:36:04Z">
    <groups>
      <group name="cucumber">
        <method signature="DemoTestRunner.feature(cucumber.api.testng.CucumberFeatureWrapper)[pri:0, instance:com.mercuryTravels.Runner.DemoTestRunner@5f2050f6]" name="feature" class="com.mercuryTravels.Runner.DemoTestRunner"/>
      </group> <!-- cucumber -->
    </groups>
    <test name="ModulerFramework" duration-ms="1556" started-at="2018-09-30T15:36:03Z" finished-at="2018-09-30T15:36:04Z">
      <class name="com.mercuryTravels.Runner.DemoTestRunner">
        <test-method status="PASS" signature="setUpClass()[pri:0, instance:com.mercuryTravels.Runner.DemoTestRunner@5f2050f6]" name="setUpClass" is-config="true" duration-ms="757" started-at="2018-09-30T15:36:03Z" finished-at="2018-09-30T15:36:04Z">
          <reporter-output>
          </reporter-output>
        </test-method> <!-- setUpClass -->
        <test-method status="PASS" signature="feature(cucumber.api.testng.CucumberFeatureWrapper)[pri:0, instance:com.mercuryTravels.Runner.DemoTestRunner@5f2050f6]" name="feature" duration-ms="449" started-at="2018-09-30T15:36:04Z" description="Runs Cucumber Feature" data-provider="features" finished-at="2018-09-30T15:36:04Z">
          <params>
            <param index="0">
              <value>
                <![CDATA[update profile]]>
              </value>
            </param>
          </params>
          <reporter-output>
          </reporter-output>
        </test-method> <!-- feature -->
        <test-method status="PASS" signature="tearDownClass()[pri:0, instance:com.mercuryTravels.Runner.DemoTestRunner@5f2050f6]" name="tearDownClass" is-config="true" duration-ms="111" started-at="2018-09-30T15:36:04Z" finished-at="2018-09-30T15:36:04Z">
          <reporter-output>
          </reporter-output>
        </test-method> <!-- tearDownClass -->
      </class> <!-- com.mercuryTravels.Runner.DemoTestRunner -->
    </test> <!-- ModulerFramework -->
  </suite> <!-- Default Suite -->
</testng-results>
