<?xml version="1.0" encoding="UTF-8"?>
<testng-results skipped="0" failed="0" ignored="0" total="3" passed="3">
  <reporter-output>
  </reporter-output>
  <suite name="Surefire suite" duration-ms="108405" started-at="2018-08-28T07:49:08Z" finished-at="2018-08-28T07:50:56Z">
    <groups>
    </groups>
    <test name="Surefire test" duration-ms="108405" started-at="2018-08-28T07:49:08Z" finished-at="2018-08-28T07:50:56Z">
      <class name="com.mercuryTravels.testBranchAddress">
        <test-method status="PASS" signature="testBranchAddress(java.lang.String, java.lang.String)[pri:0, instance:com.mercuryTravels.testBranchAddress@12843fce]" name="testBranchAddress" duration-ms="24145" started-at="2018-08-28T07:49:12Z" data-provider="addressData" finished-at="2018-08-28T07:49:37Z">
          <params>
            <param index="0">
              <value>
                <![CDATA[Agra]]>
              </value>
            </param>
            <param index="1">
              <value>
                <![CDATA[Mercury Travels Ltd.
C/o Hotel Clarks Shiraz, 54, Taj Road, Agra 282 001.]]>
              </value>
            </param>
          </params>
          <reporter-output>
          </reporter-output>
        </test-method> <!-- testBranchAddress -->
        <test-method status="PASS" signature="tearDown(org.testng.ITestResult)[pri:0, instance:com.mercuryTravels.testBranchAddress@12843fce]" name="tearDown" is-config="true" duration-ms="15" started-at="2018-08-28T07:49:37Z" finished-at="2018-08-28T07:49:37Z">
          <params>
            <param index="0">
              <value>
                <![CDATA[[TestResult name=testBranchAddress status=SUCCESS method=testBranchAddress.testBranchAddress(java.lang.String, java.lang.String)[pri:0, instance:com.mercuryTravels.testBranchAddress@12843fce] output={null}]]]>
              </value>
            </param>
          </params>
          <reporter-output>
          </reporter-output>
        </test-method> <!-- tearDown -->
        <test-method status="PASS" signature="testBranchAddress(java.lang.String, java.lang.String)[pri:0, instance:com.mercuryTravels.testBranchAddress@12843fce]" name="testBranchAddress" duration-ms="52067" started-at="2018-08-28T07:49:37Z" data-provider="addressData" finished-at="2018-08-28T07:50:29Z">
          <params>
            <param index="0">
              <value>
                <![CDATA[Ahmedabad]]>
              </value>
            </param>
            <param index="1">
              <value>
                <![CDATA[Mercury Travels Ltd.
103 B Abhijeet 1, 1st Floor, Mithakali Six Roads, Ahmedabad 380 006.]]>
              </value>
            </param>
          </params>
          <reporter-output>
          </reporter-output>
        </test-method> <!-- testBranchAddress -->
        <test-method status="PASS" signature="tearDown(org.testng.ITestResult)[pri:0, instance:com.mercuryTravels.testBranchAddress@12843fce]" name="tearDown" is-config="true" duration-ms="1" started-at="2018-08-28T07:50:29Z" finished-at="2018-08-28T07:50:29Z">
          <params>
            <param index="0">
              <value>
                <![CDATA[[TestResult name=testBranchAddress status=SUCCESS method=testBranchAddress.testBranchAddress(java.lang.String, java.lang.String)[pri:0, instance:com.mercuryTravels.testBranchAddress@12843fce] output={null}]]]>
              </value>
            </param>
          </params>
          <reporter-output>
          </reporter-output>
        </test-method> <!-- tearDown -->
        <test-method status="PASS" signature="testBranchAddress(java.lang.String, java.lang.String)[pri:0, instance:com.mercuryTravels.testBranchAddress@12843fce]" name="testBranchAddress" duration-ms="27288" started-at="2018-08-28T07:50:29Z" data-provider="addressData" finished-at="2018-08-28T07:50:56Z">
          <params>
            <param index="0">
              <value>
                <![CDATA[Bangalore]]>
              </value>
            </param>
            <param index="1">
              <value>
                <![CDATA[Mercury Travels Ltd.
125, Infantry Road, Bangalore 560 001.]]>
              </value>
            </param>
          </params>
          <reporter-output>
          </reporter-output>
        </test-method> <!-- testBranchAddress -->
        <test-method status="PASS" signature="tearDown(org.testng.ITestResult)[pri:0, instance:com.mercuryTravels.testBranchAddress@12843fce]" name="tearDown" is-config="true" duration-ms="0" started-at="2018-08-28T07:50:56Z" finished-at="2018-08-28T07:50:56Z">
          <params>
            <param index="0">
              <value>
                <![CDATA[[TestResult name=testBranchAddress status=SUCCESS method=testBranchAddress.testBranchAddress(java.lang.String, java.lang.String)[pri:0, instance:com.mercuryTravels.testBranchAddress@12843fce] output={null}]]]>
              </value>
            </param>
          </params>
          <reporter-output>
          </reporter-output>
        </test-method> <!-- tearDown -->
      </class> <!-- com.mercuryTravels.testBranchAddress -->
    </test> <!-- Surefire test -->
  </suite> <!-- Surefire suite -->
</testng-results>
